<?xml version="1.0" encoding="UTF-8"?>
<testng-results skipped="0" failed="0" ignored="0" total="2" passed="2">
  <reporter-output>
  </reporter-output>
  <suite name="testcases.LoginTest" duration-ms="7144" started-at="2022-03-20T13:02:39 IST" finished-at="2022-03-20T13:02:46 IST">
    <groups>
    </groups>
    <test name="Command line test" duration-ms="7144" started-at="2022-03-20T13:02:39 IST" finished-at="2022-03-20T13:02:46 IST">
      <class name="testcases.LoginTest">
        <test-method status="PASS" signature="Setup()[pri:0, instance:testcases.LoginTest@a67c67e]" name="Setup" is-config="true" duration-ms="2721" started-at="2022-03-20T13:02:39 IST" finished-at="2022-03-20T13:02:42 IST">
          <reporter-output>
          </reporter-output>
        </test-method> <!-- Setup -->
        <test-method status="PASS" signature="LoginFailureTest()[pri:0, instance:testcases.LoginTest@a67c67e]" name="LoginFailureTest" duration-ms="432" started-at="2022-03-20T13:02:42 IST" finished-at="2022-03-20T13:02:42 IST">
          <reporter-output>
          </reporter-output>
        </test-method> <!-- LoginFailureTest -->
        <test-method status="PASS" signature="TearDown()[pri:0, instance:testcases.LoginTest@a67c67e]" name="TearDown" is-config="true" duration-ms="781" started-at="2022-03-20T13:02:42 IST" finished-at="2022-03-20T13:02:43 IST">
          <reporter-output>
          </reporter-output>
        </test-method> <!-- TearDown -->
        <test-method status="PASS" signature="Setup()[pri:0, instance:testcases.LoginTest@a67c67e]" name="Setup" is-config="true" duration-ms="1922" started-at="2022-03-20T13:02:43 IST" finished-at="2022-03-20T13:02:45 IST">
          <reporter-output>
          </reporter-output>
        </test-method> <!-- Setup -->
        <test-method status="PASS" signature="LoginSuccessTest()[pri:0, instance:testcases.LoginTest@a67c67e]" name="LoginSuccessTest" duration-ms="488" started-at="2022-03-20T13:02:45 IST" finished-at="2022-03-20T13:02:46 IST">
          <reporter-output>
          </reporter-output>
        </test-method> <!-- LoginSuccessTest -->
        <test-method status="PASS" signature="TearDown()[pri:0, instance:testcases.LoginTest@a67c67e]" name="TearDown" is-config="true" duration-ms="757" started-at="2022-03-20T13:02:46 IST" finished-at="2022-03-20T13:02:46 IST">
          <reporter-output>
          </reporter-output>
        </test-method> <!-- TearDown -->
      </class> <!-- testcases.LoginTest -->
    </test> <!-- Command line test -->
  </suite> <!-- testcases.LoginTest -->
</testng-results>
