<?xml version="1.0" encoding="UTF-8"?>
<testng-results ignored="0" total="2" passed="2" failed="0" skipped="0">
  <reporter-output>
  </reporter-output>
  <suite started-at="2022-03-20T14:06:35 IST" name="Suite" finished-at="2022-03-20T14:06:40 IST" duration-ms="5317">
    <groups>
    </groups>
    <test started-at="2022-03-20T14:06:35 IST" name="Test" finished-at="2022-03-20T14:06:40 IST" duration-ms="5317">
      <class name="testcases.LoginTest">
        <test-method is-config="true" signature="ReportSetup()[pri:0, instance:testcases.LoginTest@f5acb9d]" started-at="2022-03-20T14:06:35 IST" name="ReportSetup" finished-at="2022-03-20T14:06:35 IST" duration-ms="197" status="PASS">
          <reporter-output>
          </reporter-output>
        </test-method> <!-- ReportSetup -->
        <test-method is-config="true" signature="Setup(java.lang.reflect.Method)[pri:0, instance:testcases.LoginTest@f5acb9d]" started-at="2022-03-20T14:06:35 IST" name="Setup" finished-at="2022-03-20T14:06:37 IST" duration-ms="1968" status="PASS">
          <params>
            <param index="0">
              <value>
                <![CDATA[public void testcases.LoginTest.LoginFailureTest()]]>
              </value>
            </param>
          </params>
          <reporter-output>
          </reporter-output>
        </test-method> <!-- Setup -->
        <test-method signature="LoginFailureTest()[pri:0, instance:testcases.LoginTest@f5acb9d]" started-at="2022-03-20T14:06:37 IST" name="LoginFailureTest" finished-at="2022-03-20T14:06:37 IST" duration-ms="508" status="PASS">
          <reporter-output>
          </reporter-output>
        </test-method> <!-- LoginFailureTest -->
        <test-method is-config="true" signature="TearDown()[pri:0, instance:testcases.LoginTest@f5acb9d]" started-at="2022-03-20T14:06:37 IST" name="TearDown" finished-at="2022-03-20T14:06:38 IST" duration-ms="303" status="PASS">
          <reporter-output>
          </reporter-output>
        </test-method> <!-- TearDown -->
        <test-method is-config="true" signature="Setup(java.lang.reflect.Method)[pri:0, instance:testcases.LoginTest@f5acb9d]" started-at="2022-03-20T14:06:38 IST" name="Setup" finished-at="2022-03-20T14:06:39 IST" duration-ms="1229" status="PASS">
          <params>
            <param index="0">
              <value>
                <![CDATA[public void testcases.LoginTest.LoginSuccessTest()]]>
              </value>
            </param>
          </params>
          <reporter-output>
          </reporter-output>
        </test-method> <!-- Setup -->
        <test-method signature="LoginSuccessTest()[pri:0, instance:testcases.LoginTest@f5acb9d]" started-at="2022-03-20T14:06:39 IST" name="LoginSuccessTest" finished-at="2022-03-20T14:06:39 IST" duration-ms="431" status="PASS">
          <reporter-output>
          </reporter-output>
        </test-method> <!-- LoginSuccessTest -->
        <test-method is-config="true" signature="TearDown()[pri:0, instance:testcases.LoginTest@f5acb9d]" started-at="2022-03-20T14:06:39 IST" name="TearDown" finished-at="2022-03-20T14:06:40 IST" duration-ms="323" status="PASS">
          <reporter-output>
          </reporter-output>
        </test-method> <!-- TearDown -->
        <test-method is-config="true" signature="ReportTearDown()[pri:0, instance:testcases.LoginTest@f5acb9d]" started-at="2022-03-20T14:06:40 IST" name="ReportTearDown" finished-at="2022-03-20T14:06:40 IST" duration-ms="305" status="PASS">
          <reporter-output>
          </reporter-output>
        </test-method> <!-- ReportTearDown -->
      </class> <!-- testcases.LoginTest -->
    </test> <!-- Test -->
  </suite> <!-- Suite -->
</testng-results>
